[0mGET /css/user_sign_in.css [33m404[0m 3.053 ms - 159[0m
[0mGET /css/layout.css [33m404[0m 3.651 ms - 153[0m
[0mGET /css/header.css [33m404[0m 5.980 ms - 153[0m
[0mGET /css/footer.css [33m404[0m 2.430 ms - 153[0m
[0mGET /css/layout.css [33m404[0m 0.700 ms - 153[0m
[0mGET /css/header.css [33m404[0m 1.705 ms - 153[0m
[0mGET /css/footer.css [33m404[0m 3.017 ms - 153[0m
[0mGET /css/user_sign_in.css [33m404[0m 0.672 ms - 159[0m
[0mGET /css/layout.css [33m404[0m 0.476 ms - 153[0m
[0mGET /css/header.css [33m404[0m 0.436 ms - 153[0m
[0mGET /css/footer.css [33m404[0m 0.441 ms - 153[0m
[0mGET /css/home.css [33m404[0m 0.435 ms - 151[0m
[0mGET /js/home_posts.js [33m404[0m 0.484 ms - 155[0m
[0mGET /css/chat_box.css [33m404[0m 0.732 ms - 155[0m
[0mGET /css/layout.css [33m404[0m 0.440 ms - 153[0m
[0mGET /css/header.css [33m404[0m 0.407 ms - 153[0m
[0mGET /css/footer.css [33m404[0m 0.429 ms - 153[0m
[0mGET /css/chat_box.css [33m404[0m 0.428 ms - 155[0m
[0mGET /css/home.css [33m404[0m 1.044 ms - 151[0m
[0mGET /js/home_posts.js [33m404[0m 0.635 ms - 155[0m
[0mGET /css/header.css [33m404[0m 5.474 ms - 153[0m
[0mGET /css/layout.css [33m404[0m 5.374 ms - 153[0m
[0mGET /css/footer.css [33m404[0m 2.952 ms - 153[0m
[0mGET /css/home.css [33m404[0m 2.124 ms - 151[0m
[0mGET /css/user_sign_in.css [33m404[0m 2.846 ms - 159[0m
[0mGET /css/chat_box.css [33m404[0m 0.683 ms - 155[0m
[0mGET /js/home_posts.js [33m404[0m 0.902 ms - 155[0m
[0mGET /css/layout.css [33m404[0m 0.895 ms - 153[0m
[0mGET /css/header.css [33m404[0m 1.863 ms - 153[0m
[0mGET /css/footer.css [33m404[0m 3.210 ms - 153[0m
[0mGET /css/home.css [33m404[0m 4.720 ms - 151[0m
[0mGET /css/chat_box.css [33m404[0m 6.115 ms - 155[0m
[0mGET /css/user_sign_in.css [33m404[0m 0.778 ms - 159[0m
[0mGET /js/home_posts.js [33m404[0m 0.662 ms - 155[0m
[0mGET /css/layout.css [33m404[0m 0.469 ms - 153[0m
[0mGET /css/header.css [33m404[0m 0.407 ms - 153[0m
[0mGET /css/footer.css [33m404[0m 0.399 ms - 153[0m
[0mGET /css/home.css [33m404[0m 0.363 ms - 151[0m
[0mGET /js/home_posts.js [33m404[0m 0.423 ms - 155[0m
[0mGET /css/chat_box.css [33m404[0m 0.715 ms - 155[0m
[0mGET /css/header.css [33m404[0m 0.260 ms - 153[0m
[0mGET /css/layout.css [33m404[0m 0.246 ms - 153[0m
[0mGET /css/home.css [33m404[0m 0.541 ms - 151[0m
[0mGET /css/footer.css [33m404[0m 0.457 ms - 153[0m
[0mGET /css/chat_box.css [33m404[0m 0.509 ms - 155[0m
[0mGET /js/home_posts.js [33m404[0m 0.550 ms - 155[0m
[0mGET /css/layout.css [33m404[0m 1.015 ms - 153[0m
[0mGET /css/footer.css [33m404[0m 1.564 ms - 153[0m
[0mGET /css/header.css [33m404[0m 2.186 ms - 153[0m
[0mGET /css/user_sign_in.css [33m404[0m 0.432 ms - 159[0m
[0mGET /css/layout.css [33m404[0m 0.345 ms - 153[0m
[0mGET /css/header.css [33m404[0m 0.866 ms - 153[0m
[0mGET /css/footer.css [33m404[0m 1.572 ms - 153[0m
[0mGET /css/user_sign_in.css [33m404[0m 0.907 ms - 159[0m
[0mGET /css/layout.css [33m404[0m 2.389 ms - 153[0m
[0mGET /css/header.css [33m404[0m 4.748 ms - 153[0m
[0mGET /css/footer.css [33m404[0m 3.578 ms - 153[0m
[0mGET /css/user_sign_in.css [33m404[0m 1.423 ms - 159[0m
[0mGET /css/home.css [33m404[0m 2.197 ms - 151[0m
[0mGET /css/chat_box.css [33m404[0m 4.873 ms - 155[0m
[0mGET /js/home_posts.js [33m404[0m 0.887 ms - 155[0m
[0mGET /css/layout.css [33m404[0m 0.604 ms - 153[0m
[0mGET /css/header.css [33m404[0m 1.121 ms - 153[0m
[0mGET /css/footer.css [33m404[0m 1.741 ms - 153[0m
[0mGET /css/home.css [33m404[0m 2.460 ms - 151[0m
[0mGET /css/chat_box.css [33m404[0m 4.681 ms - 155[0m
[0mGET /css/user_sign_in.css [33m404[0m 1.792 ms - 159[0m
[0mGET /js/home_posts.js [33m404[0m 0.289 ms - 155[0m
[0mGET /css/header.css [33m404[0m 0.289 ms - 153[0m
[0mGET /css/footer.css [33m404[0m 0.249 ms - 153[0m
[0mGET /css/layout.css [33m404[0m 0.371 ms - 153[0m
[0mGET /css/chat_box.css [33m404[0m 0.285 ms - 155[0m
[0mGET /css/home.css [33m404[0m 0.239 ms - 151[0m
[0mGET /js/home_posts.js [33m404[0m 0.273 ms - 155[0m
[0mGET /css/header.css [33m404[0m 1.120 ms - 153[0m
[0mGET /css/layout.css [33m404[0m 0.495 ms - 153[0m
[0mGET /css/chat_box.css [33m404[0m 0.342 ms - 155[0m
[0mGET /css/footer.css [33m404[0m 1.000 ms - 153[0m
[0mGET /js/home_posts.js [33m404[0m 0.442 ms - 155[0m
[0mGET /css/home.css [33m404[0m 0.320 ms - 151[0m
